[2017-06-24 17:22:42] START
[2017-06-24 17:49:12] EDIT Commune/models/db.py: 23
[2017-06-24 17:51:06] EDIT Commune/models/db.py: 0
[2017-06-24 17:51:34] EDIT Commune/models/db.py: 0
[2017-06-24 17:51:49] EDIT Commune/models/db.py: 0
[2017-06-24 17:52:26] EDIT Commune/models/db.py: 0
[2017-06-24 17:53:00] EDIT Commune/models/db.py: 0
[2017-06-24 18:00:16] EDIT Commune/controllers/default.py: 2
[2017-06-24 18:04:18] EDIT Commune/controllers/default.py: 1
[2017-06-24 18:04:37] EDIT Commune/controllers/default.py: 0
[2017-06-24 18:04:53] EDIT Commune/controllers/default.py: 0
[2017-06-24 18:08:35] EDIT Commune/controllers/default.py: 0
[2017-06-24 18:08:46] EDIT Commune/controllers/default.py: 0
[2017-06-24 18:08:54] EDIT Commune/controllers/default.py: 0
[2017-06-24 18:09:10] EDIT Commune/controllers/default.py: 0
[2017-06-24 18:09:59] EDIT Commune/controllers/default.py: 0
[2017-06-24 18:10:08] EDIT Commune/controllers/default.py: 0
[2017-06-24 18:10:16] EDIT Commune/controllers/default.py: 0
[2017-06-24 18:10:21] EDIT Commune/controllers/default.py: 0
[2017-06-24 18:10:31] EDIT Commune/controllers/default.py: 0
[2017-06-24 18:12:19] EDIT Commune/controllers/default.py: 0
[2017-06-24 18:12:47] EDIT Commune/controllers/default.py: 0
[2017-06-24 18:12:55] EDIT Commune/controllers/default.py: 0
[2017-06-24 18:13:04] EDIT Commune/controllers/default.py: 0
[2017-06-24 18:13:07] EDIT Commune/controllers/default.py: 0
[2017-06-24 18:13:16] EDIT Commune/controllers/default.py: 0
[2017-06-24 18:13:32] EDIT Commune/controllers/default.py: 0
[2017-06-24 18:14:41] EDIT Commune/controllers/default.py: 0
[2017-06-24 18:17:57] EDIT Commune/models/db.py: 0
[2017-06-24 14:08:17] CREATE Events_Around_you.html: 0
[2017-06-24 14:16:22] EDIT Commune/controllers/default.py: 3
[2017-06-24 14:19:53] EDIT Commune/models/menu.py: 0
[2017-06-24 14:20:22] EDIT Commune/models/menu.py: 0
[2017-06-24 14:20:55] EDIT Commune/models/menu.py: 1
[2017-06-24 14:21:38] EDIT Commune/models/menu.py: 0
[2017-06-24 14:21:39] EDIT Commune/models/menu.py: 0
[2017-06-24 14:28:00] EDIT Commune/views/default/index.html: 27
[2017-06-24 14:28:00] EDIT Commune/views/default/index.html: 0
[2017-06-24 14:28:03] EDIT Commune/views/default/index.html: 0
[2017-06-24 14:28:50] EDIT Commune/views/default/index.html: 1
[2017-06-24 14:45:59] EDIT Commune/views/default/index.html: -20
