timestamp: 2017-06-24T17:22:49.824000
CREATE TABLE auth_user(
    id INTEGER PRIMARY KEY AUTOINCREMENT,
    first_name CHAR(128),
    last_name CHAR(128),
    email CHAR(512),
    password CHAR(512),
    registration_key CHAR(512),
    reset_password_key CHAR(512),
    registration_id CHAR(512)
);
success!
timestamp: 2017-06-24T17:22:50.340000
CREATE TABLE auth_group(
    id INTEGER PRIMARY KEY AUTOINCREMENT,
    role CHAR(512),
    description TEXT
);
success!
timestamp: 2017-06-24T17:22:50.477000
CREATE TABLE auth_membership(
    id INTEGER PRIMARY KEY AUTOINCREMENT,
    user_id INTEGER REFERENCES auth_user (id) ON DELETE CASCADE  ,
    group_id INTEGER REFERENCES auth_group (id) ON DELETE CASCADE  
);
success!
timestamp: 2017-06-24T17:22:50.656000
CREATE TABLE auth_permission(
    id INTEGER PRIMARY KEY AUTOINCREMENT,
    group_id INTEGER REFERENCES auth_group (id) ON DELETE CASCADE  ,
    name CHAR(512),
    table_name CHAR(512),
    record_id INTEGER
);
success!
timestamp: 2017-06-24T17:22:50.788000
CREATE TABLE auth_event(
    id INTEGER PRIMARY KEY AUTOINCREMENT,
    time_stamp TIMESTAMP,
    client_ip CHAR(512),
    user_id INTEGER REFERENCES auth_user (id) ON DELETE CASCADE  ,
    origin CHAR(512),
    description TEXT
);
success!
timestamp: 2017-06-24T17:22:50.945000
CREATE TABLE auth_cas(
    id INTEGER PRIMARY KEY AUTOINCREMENT,
    user_id INTEGER REFERENCES auth_user (id) ON DELETE CASCADE  ,
    created_on TIMESTAMP,
    service CHAR(512),
    ticket CHAR(512),
    renew CHAR(1)
);
success!
timestamp: 2017-06-24T17:51:09.360000
CREATE TABLE sponsor(
    id INTEGER PRIMARY KEY AUTOINCREMENT,
    name CHAR(512),
    host_rewardstring CHAR(512),
    part_reward CHAR(512),
    from_date DATE,
    to_date DATE,
    atype CHAR(512),
    description CHAR(512)
);
success!
timestamp: 2017-06-24T17:51:51.668000
CREATE TABLE auser(
    id INTEGER PRIMARY KEY AUTOINCREMENT,
    name CHAR(512),
    password CHAR(512),
    loc CHAR(512)
);
success!
timestamp: 2017-06-24T17:52:28.119000
ALTER TABLE auser ADD alocation CHAR(512);
success!
success!
success!
timestamp: 2017-06-24T17:53:02.956000
CREATE TABLE aevent(
    id INTEGER PRIMARY KEY AUTOINCREMENT,
    name CHAR(512),
    sponsor INTEGER REFERENCES sponsor (id) ON DELETE CASCADE  ,
    adate DATE,
    atype CHAR(512),
    description CHAR(512)
);
success!
timestamp: 2017-06-24T17:53:03.163000
CREATE TABLE user_event(
    id INTEGER PRIMARY KEY AUTOINCREMENT,
    auser INTEGER REFERENCES auser (id) ON DELETE CASCADE  ,
    aevent INTEGER REFERENCES aevent (id) ON DELETE CASCADE  ,
    status CHAR(512),
    reward_link CHAR(512)
);
success!
success!
success!
success!
success!
success!
success!
success!
success!
success!
success!
success!
success!
success!
success!
success!
success!
success!
success!
success!
success!
success!
success!
success!
success!
success!
success!
success!
success!
success!
success!
success!
success!
success!
success!
success!
success!
success!
success!
success!
success!
success!
success!
success!
success!
success!
success!
success!
success!
success!
success!
success!
success!
success!
success!
success!
success!
success!
success!
success!
success!
success!
success!
success!
success!
success!
success!
success!
success!
success!
success!
success!
success!
success!
success!
success!
success!
success!
success!
success!
success!
success!
success!
success!
success!
success!
success!
success!
success!
success!
success!
success!
success!
success!
success!
success!
success!
success!
success!
success!
success!
success!
success!
success!
success!
success!
success!
success!
success!
success!
success!
success!
success!
success!
success!
success!
success!
timestamp: 2017-06-24T18:18:00.943000
ALTER TABLE sponsor ADD host_reward CHAR(512);
success!
success!
success!
success!
success!
success!
success!
success!
success!
success!
success!
success!
success!
success!
success!
success!
success!
success!
success!
success!
success!
success!
success!
success!
success!
success!
success!
success!
success!
success!
success!
success!
success!
success!
success!
success!
success!
success!
success!
success!
success!
success!
